{"level":"info","message":"Loading Mongoose functionality"}
{"level":"info","message":"Create User"}
{"level":"info","message":"Create User"}
{"level":"info","message":"Create User"}
{"level":"info","message":"Get all users"}
{"level":"info","message":"Get all users"}
{"level":"info","message":"Get user %s"}
{"level":"info","message":"Get user %s"}
{"level":"info","message":"Get user %s"}
{"level":"info","message":"Delete user 5dca06862aa4885dbce6f902"}
{"level":"info","message":"Create Todo"}
{"level":"info","message":"Get all user todos"}
{"level":"info","message":"Get todo %s"}
{"level":"info","message":"Get Todo %s"}
{"level":"info","message":"Get Todo %s"}
{"level":"info","message":"Loading Mongoose functionality"}
{"level":"info","message":"Create User"}
{"level":"info","message":"Create User"}
{"level":"info","message":"Create User"}
{"level":"info","message":"Get all users"}
{"level":"info","message":"Get all users"}
{"level":"info","message":"Get user %s"}
{"level":"info","message":"Get user %s"}
{"level":"info","message":"Get user %s"}
{"level":"info","message":"Delete user 5dca079059df4f34b8cb0ed6"}
{"level":"info","message":"Create Todo"}
{"level":"info","message":"Get all user todos"}
{"level":"info","message":"Get todo %s"}
{"level":"info","message":"Get Todo %s"}
{"level":"info","message":"Get Todo %s"}
